06/22/10 00:21:28 : unsupported element image (epoc32\build\s60\icons\temp\s5jg.tmp\._qgn_indi_cale_tb_week.svg)
06/22/10 00:21:28 : unsupported element image (epoc32\build\s60\icons\temp\s5jg.tmp\._qgn_indi_cale_tb_day.svg)
06/22/10 00:21:28 : unsupported element image (epoc32\build\s60\icons\temp\s5jg.tmp\._qgn_indi_cale_tb_month.svg)
06/22/10 00:21:28 : unsupported element image (epoc32\build\s60\icons\temp\s5jg.tmp\._qgn_indi_cale_tb_todo_new.svg)
06/22/10 00:21:42 : unsupported element switch (epoc32\build\s60\icons\temp\s5jg.tmp\._qgn_graf_volume_small_1_off.svg)
06/22/10 00:21:42 : unsupported element switch (epoc32\build\s60\icons\temp\s5jg.tmp\._qgn_graf_volume_small_2_off.svg)
06/22/10 00:21:42 : unsupported element switch (epoc32\build\s60\icons\temp\s5jg.tmp\._qgn_graf_volume_small_3_off.svg)
06/22/10 00:21:42 : unsupported element switch (epoc32\build\s60\icons\temp\s5jg.tmp\._qgn_graf_volume_small_4_off.svg)
06/22/10 00:21:42 : unsupported element switch (epoc32\build\s60\icons\temp\s5jg.tmp\._qgn_graf_volume_small_5_off.svg)
06/22/10 00:21:42 : unsupported element switch (epoc32\build\s60\icons\temp\s5jg.tmp\._qgn_graf_volume_small_6_off.svg)
06/22/10 00:21:43 : unsupported element switch (epoc32\build\s60\icons\temp\s5jg.tmp\._qgn_graf_volume_small_7_off.svg)
06/22/10 00:21:43 : unsupported element switch (epoc32\build\s60\icons\temp\s5jg.tmp\._qgn_graf_volume_small_8_off.svg)
06/22/10 00:21:43 : unsupported element switch (epoc32\build\s60\icons\temp\s5jg.tmp\._qgn_graf_volume_small_9_off.svg)
06/22/10 00:21:43 : unsupported element switch (epoc32\build\s60\icons\temp\s5jg.tmp\._qgn_graf_volume_small_10_off.svg)
06/22/10 00:21:44 : unsupported element switch (epoc32\build\s60\icons\temp\s5jg.tmp\._qgn_graf_volume_set_1_off.svg)
06/22/10 00:21:44 : unsupported element switch (epoc32\build\s60\icons\temp\s5jg.tmp\._qgn_graf_volume_set_2_off.svg)
06/22/10 00:21:44 : unsupported element switch (epoc32\build\s60\icons\temp\s5jg.tmp\._qgn_graf_volume_set_3_off.svg)
06/22/10 00:21:44 : unsupported element switch (epoc32\build\s60\icons\temp\s5jg.tmp\._qgn_graf_volume_set_4_off.svg)
06/22/10 00:21:44 : unsupported element switch (epoc32\build\s60\icons\temp\s5jg.tmp\._qgn_graf_volume_set_5_off.svg)
06/22/10 00:21:44 : unsupported element switch (epoc32\build\s60\icons\temp\s5jg.tmp\._qgn_graf_volume_set_6_off.svg)
06/22/10 00:21:44 : unsupported element switch (epoc32\build\s60\icons\temp\s5jg.tmp\._qgn_graf_volume_set_7_off.svg)
06/22/10 00:21:44 : unsupported element switch (epoc32\build\s60\icons\temp\s5jg.tmp\._qgn_graf_volume_set_8_off.svg)
06/22/10 00:21:44 : unsupported element switch (epoc32\build\s60\icons\temp\s5jg.tmp\._qgn_graf_volume_set_9_off.svg)
06/22/10 00:21:44 : unsupported element switch (epoc32\build\s60\icons\temp\s5jg.tmp\._qgn_graf_volume_set_10_off.svg)
06/22/10 00:21:45 : unsupported element switch (epoc32\build\s60\icons\temp\s5jg.tmp\._qgn_indi_signal_strength_lsc.svg)
06/22/10 00:21:45 : unsupported element switch (epoc32\build\s60\icons\temp\s5jg.tmp\._qgn_indi_battery_strength_lsc.svg)
06/22/10 00:21:46 : unsupported element switch (epoc32\build\s60\icons\temp\s5jg.tmp\._qgn_indi_slider_set.svg)
06/22/10 00:21:46 : unsupported element switch (epoc32\build\s60\icons\temp\s5jg.tmp\._qgn_indi_slider_edit.svg)
06/22/10 00:21:46 : unsupported element switch (epoc32\build\s60\icons\temp\s5jg.tmp\._qgn_indi_submenu.svg)
06/22/10 00:21:48 : unsupported element switch (epoc32\build\s60\icons\temp\s5jg.tmp\._qgn_graf_line_primary_horizontal.svg)
06/22/10 00:21:48 : unsupported element switch (epoc32\build\s60\icons\temp\s5jg.tmp\._qgn_graf_line_primary_vertical.svg)
06/22/10 00:21:51 : unsupported attribute display (epoc32\build\s60\icons\temp\s5jg.tmp\._qsn_cp_clock_analogue_face_1.svg)
06/22/10 00:21:51 : unsupported element switch (epoc32\build\s60\icons\temp\s5jg.tmp\._qsn_cp_clock_digital_new_zero_shape.svg)
06/22/10 00:21:52 : unsupported element switch (epoc32\build\s60\icons\temp\s5jg.tmp\._qsn_cp_clock_digital_new_one_shape.svg)
06/22/10 00:21:52 : unsupported element switch (epoc32\build\s60\icons\temp\s5jg.tmp\._qsn_cp_clock_digital_new_two_shape.svg)
06/22/10 00:21:52 : unsupported element switch (epoc32\build\s60\icons\temp\s5jg.tmp\._qsn_cp_clock_digital_new_three_shape.svg)
06/22/10 00:21:52 : unsupported element switch (epoc32\build\s60\icons\temp\s5jg.tmp\._qsn_cp_clock_digital_new_four_shape.svg)
06/22/10 00:21:53 : unsupported element switch (epoc32\build\s60\icons\temp\s5jg.tmp\._qsn_cp_clock_digital_new_five_shape.svg)
06/22/10 00:21:53 : unsupported element switch (epoc32\build\s60\icons\temp\s5jg.tmp\._qsn_cp_clock_digital_new_six_shape.svg)
06/22/10 00:21:53 : unsupported element switch (epoc32\build\s60\icons\temp\s5jg.tmp\._qsn_cp_clock_digital_new_seven_shape.svg)
06/22/10 00:21:54 : unsupported element switch (epoc32\build\s60\icons\temp\s5jg.tmp\._qsn_cp_clock_digital_new_eight_shape.svg)
06/22/10 00:21:54 : unsupported element switch (epoc32\build\s60\icons\temp\s5jg.tmp\._qsn_cp_clock_digital_new_nine_shape.svg)
06/22/10 00:21:54 : unsupported element switch (epoc32\build\s60\icons\temp\s5jg.tmp\._qsn_cp_clock_digital_new_colon_shape.svg)
06/22/10 00:21:55 : unsupported element switch (epoc32\build\s60\icons\temp\s5jg.tmp\._qsn_cp_clock_digital_new_stop_shape.svg)
06/22/10 00:22:01 : unsupported element switch (epoc32\build\s60\icons\temp\s5jg.tmp\._qsn_fr_notepad.svg)
06/22/10 00:22:02 : unsupported element switch (epoc32\build\s60\icons\temp\s5jg.tmp\._qgn_indi_mup_speaker.svg)
06/22/10 00:22:02 : unsupported element switch (epoc32\build\s60\icons\temp\s5jg.tmp\._qgn_indi_mup_speaker_muted.svg)
06/22/10 00:22:02 : unsupported element switch (epoc32\build\s60\icons\temp\s5jg.tmp\._qgn_indi_mup_eq_slider.svg)
06/22/10 00:22:02 : unsupported element switch (epoc32\build\s60\icons\temp\s5jg.tmp\._qgn_indi_mup_eq_bg.svg)
